<?xml version="1.0" encoding="UTF-8"?>
<!-- Generated by org.testng.reporters.JUnitReportReporter -->
<testsuite name="com.ual.runner.AssignmentDb" tests="1" time="79.938" ignored="0" failures="0" timestamp="11 Nov 2021 12:05:48 GMT" skipped="0" hostname="S0766L" errors="0">
  <testcase name="runScenario" time="79.938" classname="com.ual.runner.AssignmentDb"/>
</testsuite> <!-- com.ual.runner.AssignmentDb -->
