<?xml version="1.0" encoding="UTF-8"?>
<!-- Generated by org.testng.reporters.JUnitReportReporter -->
<testsuite hostname="A1086L" failures="0" tests="1" name="com.ual.runner.EbsoRunner" time="20.198" errors="0" timestamp="2021-12-08T16:42:30 IST" skipped="0">
  <testcase classname="com.ual.runner.EbsoRunner" name="runScenario" time="20.198"/>
  <system-out/>
</testsuite> <!-- com.ual.runner.EbsoRunner -->
