<?xml version="1.0" encoding="UTF-8"?>
<!-- Generated by org.testng.reporters.JUnitReportReporter -->
<testsuite hostname="A1349L" failures="0" tests="1" name="com.ual.runner.BoltRunner" time="39.390" errors="0" timestamp="2021-12-30T01:05:14 IST" skipped="0">
  <testcase classname="com.ual.runner.BoltRunner" name="runScenario" time="39.390"/>
  <system-out/>
</testsuite> <!-- com.ual.runner.BoltRunner -->
