<?xml version="1.0" encoding="UTF-8"?>
<!-- Generated by org.testng.reporters.JUnitReportReporter -->
<testsuite skipped="0" hostname="A3508L" name="com.ual.fox.steps.VersionApi" tests="1" failures="0" timestamp="2022-01-11T02:10:07 CST" time="6.529" errors="0">
  <testcase name="getVersionResponse" time="6.529" classname="com.ual.fox.steps.VersionApi"/>
  <system-out/>
</testsuite> <!-- com.ual.fox.steps.VersionApi -->
