<?xml version="1.0" encoding="UTF-8"?>
<!-- Generated by org.testng.reporters.JUnitReportReporter -->
<testsuite hostname="D0607L" failures="0" tests="52" name="com.ual.runner.UcrewRunnner" time="3.785" errors="52" timestamp="2022-07-05T17:15:18 IST" skipped="0">
  <testcase classname="com.ual.runner.UcrewRunnner" name="runScenario" time="0.039">
    <error message="Cannot invoke &quot;org.openqa.selenium.WebDriver.manage()&quot; because &quot;driver&quot; is null" type="java.lang.NullPointerException">
      <![CDATA[java.lang.NullPointerException: Cannot invoke "org.openqa.selenium.WebDriver.manage()" because "driver" is null
at com.ual.helpers.ReusableWebUtils.implicitTime(ReusableWebUtils.java:658)
at com.ual.steps.UcrewLogin.lauch_ucrew_application(UcrewLogin.java:56)
at ✽.lauch ucrew application(file:///C:/Users/avina.dubbaka/eclipse-workspace/uCrewApplication_AWS/src/test/resources/features/Ucrew/u.feature:8)
]]>
    </error>
  </testcase> <!-- runScenario -->
  <system-out/>
  <testcase classname="com.ual.runner.UcrewRunnner" name="runScenario" time="0.044">
    <error message="Cannot invoke &quot;org.openqa.selenium.WebDriver.manage()&quot; because &quot;driver&quot; is null" type="java.lang.NullPointerException">
      <![CDATA[java.lang.NullPointerException: Cannot invoke "org.openqa.selenium.WebDriver.manage()" because "driver" is null
at com.ual.helpers.ReusableWebUtils.implicitTime(ReusableWebUtils.java:658)
at com.ual.steps.UcrewLogin.lauch_ucrew_application(UcrewLogin.java:56)
at ✽.lauch ucrew application(file:///C:/Users/avina.dubbaka/eclipse-workspace/uCrewApplication_AWS/src/test/resources/features/Ucrew/u.feature:8)
]]>
    </error>
  </testcase> <!-- runScenario -->
  <system-out/>
  <testcase classname="com.ual.runner.UcrewRunnner" name="runScenario" time="0.042">
    <error message="Cannot invoke &quot;org.openqa.selenium.WebDriver.manage()&quot; because &quot;driver&quot; is null" type="java.lang.NullPointerException">
      <![CDATA[java.lang.NullPointerException: Cannot invoke "org.openqa.selenium.WebDriver.manage()" because "driver" is null
at com.ual.helpers.ReusableWebUtils.implicitTime(ReusableWebUtils.java:658)
at com.ual.steps.UcrewLogin.lauch_ucrew_application(UcrewLogin.java:56)
at ✽.lauch ucrew application(file:///C:/Users/avina.dubbaka/eclipse-workspace/uCrewApplication_AWS/src/test/resources/features/Ucrew/loginLogout.feature:8)
]]>
    </error>
  </testcase> <!-- runScenario -->
  <system-out/>
  <testcase classname="com.ual.runner.UcrewRunnner" name="runScenario" time="0.053">
    <error message="Cannot invoke &quot;org.openqa.selenium.WebDriver.manage()&quot; because &quot;driver&quot; is null" type="java.lang.NullPointerException">
      <![CDATA[java.lang.NullPointerException: Cannot invoke "org.openqa.selenium.WebDriver.manage()" because "driver" is null
at com.ual.helpers.ReusableWebUtils.implicitTime(ReusableWebUtils.java:658)
at com.ual.steps.UcrewLogin.lauch_ucrew_application(UcrewLogin.java:56)
at ✽.lauch ucrew application(file:///C:/Users/avina.dubbaka/eclipse-workspace/uCrewApplication_AWS/src/test/resources/features/Ucrew/ifSchedulingGuide.feature:8)
]]>
    </error>
  </testcase> <!-- runScenario -->
  <system-out/>
  <testcase classname="com.ual.runner.UcrewRunnner" name="runScenario" time="0.052">
    <error message="Cannot invoke &quot;org.openqa.selenium.WebDriver.manage()&quot; because &quot;driver&quot; is null" type="java.lang.NullPointerException">
      <![CDATA[java.lang.NullPointerException: Cannot invoke "org.openqa.selenium.WebDriver.manage()" because "driver" is null
at com.ual.helpers.ReusableWebUtils.implicitTime(ReusableWebUtils.java:658)
at com.ual.steps.UcrewLogin.lauch_ucrew_application(UcrewLogin.java:56)
at ✽.lauch ucrew application(file:///C:/Users/avina.dubbaka/eclipse-workspace/uCrewApplication_AWS/src/test/resources/features/Ucrew/openTrips.feature:8)
]]>
    </error>
  </testcase> <!-- runScenario -->
  <system-out/>
  <testcase classname="com.ual.runner.UcrewRunnner" name="runScenario" time="0.070">
    <error message="Cannot invoke &quot;org.openqa.selenium.WebDriver.manage()&quot; because &quot;driver&quot; is null" type="java.lang.NullPointerException">
      <![CDATA[java.lang.NullPointerException: Cannot invoke "org.openqa.selenium.WebDriver.manage()" because "driver" is null
at com.ual.helpers.ReusableWebUtils.implicitTime(ReusableWebUtils.java:658)
at com.ual.steps.UcrewLogin.lauch_ucrew_application(UcrewLogin.java:56)
at ✽.lauch ucrew application(file:///C:/Users/avina.dubbaka/eclipse-workspace/uCrewApplication_AWS/src/test/resources/features/Ucrew/pltSchedulingGuide.feature:8)
]]>
    </error>
  </testcase> <!-- runScenario -->
  <system-out/>
  <testcase classname="com.ual.runner.UcrewRunnner" name="runScenario" time="0.037">
    <error message="Cannot invoke &quot;org.openqa.selenium.WebDriver.manage()&quot; because &quot;driver&quot; is null" type="java.lang.NullPointerException">
      <![CDATA[java.lang.NullPointerException: Cannot invoke "org.openqa.selenium.WebDriver.manage()" because "driver" is null
at com.ual.helpers.ReusableWebUtils.implicitTime(ReusableWebUtils.java:658)
at com.ual.steps.UcrewLogin.lauch_ucrew_application(UcrewLogin.java:56)
at ✽.lauch ucrew application(file:///C:/Users/avina.dubbaka/eclipse-workspace/uCrewApplication_AWS/src/test/resources/features/Ucrew/u.feature:8)
]]>
    </error>
  </testcase> <!-- runScenario -->
  <system-out/>
  <testcase classname="com.ual.runner.UcrewRunnner" name="runScenario" time="0.068">
    <error message="Cannot invoke &quot;org.openqa.selenium.WebDriver.manage()&quot; because &quot;driver&quot; is null" type="java.lang.NullPointerException">
      <![CDATA[java.lang.NullPointerException: Cannot invoke "org.openqa.selenium.WebDriver.manage()" because "driver" is null
at com.ual.helpers.ReusableWebUtils.implicitTime(ReusableWebUtils.java:658)
at com.ual.steps.UcrewLogin.lauch_ucrew_application(UcrewLogin.java:56)
at ✽.lauch ucrew application(file:///C:/Users/avina.dubbaka/eclipse-workspace/uCrewApplication_AWS/src/test/resources/features/Ucrew/flightMonitor.feature:8)
]]>
    </error>
  </testcase> <!-- runScenario -->
  <system-out/>
  <testcase classname="com.ual.runner.UcrewRunnner" name="runScenario" time="0.093">
    <error message="Cannot invoke &quot;org.openqa.selenium.WebDriver.manage()&quot; because &quot;driver&quot; is null" type="java.lang.NullPointerException">
      <![CDATA[java.lang.NullPointerException: Cannot invoke "org.openqa.selenium.WebDriver.manage()" because "driver" is null
at com.ual.helpers.ReusableWebUtils.implicitTime(ReusableWebUtils.java:658)
at com.ual.steps.UcrewLogin.lauch_ucrew_application(UcrewLogin.java:56)
at ✽.lauch ucrew application(file:///C:/Users/avina.dubbaka/eclipse-workspace/uCrewApplication_AWS/src/test/resources/features/Ucrew/MyToDoList.feature:8)
]]>
    </error>
  </testcase> <!-- runScenario -->
  <system-out/>
  <testcase classname="com.ual.runner.UcrewRunnner" name="runScenario" time="0.040">
    <error message="Cannot invoke &quot;org.openqa.selenium.WebDriver.manage()&quot; because &quot;driver&quot; is null" type="java.lang.NullPointerException">
      <![CDATA[java.lang.NullPointerException: Cannot invoke "org.openqa.selenium.WebDriver.manage()" because "driver" is null
at com.ual.helpers.ReusableWebUtils.implicitTime(ReusableWebUtils.java:658)
at com.ual.steps.UcrewLogin.lauch_ucrew_application(UcrewLogin.java:56)
at ✽.lauch ucrew application(file:///C:/Users/avina.dubbaka/eclipse-workspace/uCrewApplication_AWS/src/test/resources/features/Ucrew/payException.feature:8)
]]>
    </error>
  </testcase> <!-- runScenario -->
  <system-out/>
  <testcase classname="com.ual.runner.UcrewRunnner" name="runScenario" time="0.036">
    <error message="Cannot invoke &quot;org.openqa.selenium.WebDriver.manage()&quot; because &quot;driver&quot; is null" type="java.lang.NullPointerException">
      <![CDATA[java.lang.NullPointerException: Cannot invoke "org.openqa.selenium.WebDriver.manage()" because "driver" is null
at com.ual.helpers.ReusableWebUtils.implicitTime(ReusableWebUtils.java:658)
at com.ual.steps.UcrewLogin.lauch_ucrew_application(UcrewLogin.java:56)
at ✽.lauch ucrew application(file:///C:/Users/avina.dubbaka/eclipse-workspace/uCrewApplication_AWS/src/test/resources/features/Ucrew/u.feature:8)
]]>
    </error>
  </testcase> <!-- runScenario -->
  <system-out/>
  <testcase classname="com.ual.runner.UcrewRunnner" name="runScenario" time="1.451">
    <error message="Cannot invoke &quot;org.openqa.selenium.WebDriver.manage()&quot; because &quot;driver&quot; is null" type="java.lang.NullPointerException">
      <![CDATA[java.lang.NullPointerException: Cannot invoke "org.openqa.selenium.WebDriver.manage()" because "driver" is null
at com.ual.helpers.ReusableWebUtils.implicitTime(ReusableWebUtils.java:658)
at com.ual.steps.UcrewLogin.lauch_ucrew_application(UcrewLogin.java:56)
at ✽.lauch ucrew application(file:///C:/Users/avina.dubbaka/eclipse-workspace/uCrewApplication_AWS/src/test/resources/features/Ucrew/CCO.feature:8)
]]>
    </error>
  </testcase> <!-- runScenario -->
  <system-out/>
  <testcase classname="com.ual.runner.UcrewRunnner" name="runScenario" time="0.031">
    <error message="Cannot invoke &quot;org.openqa.selenium.WebDriver.manage()&quot; because &quot;driver&quot; is null" type="java.lang.NullPointerException">
      <![CDATA[java.lang.NullPointerException: Cannot invoke "org.openqa.selenium.WebDriver.manage()" because "driver" is null
at com.ual.helpers.ReusableWebUtils.implicitTime(ReusableWebUtils.java:658)
at com.ual.steps.UcrewLogin.lauch_ucrew_application(UcrewLogin.java:56)
at ✽.lauch ucrew application(file:///C:/Users/avina.dubbaka/eclipse-workspace/uCrewApplication_AWS/src/test/resources/features/Ucrew/u.feature:8)
]]>
    </error>
  </testcase> <!-- runScenario -->
  <system-out/>
  <testcase classname="com.ual.runner.UcrewRunnner" name="runScenario" time="0.037">
    <error message="Cannot invoke &quot;org.openqa.selenium.WebDriver.manage()&quot; because &quot;driver&quot; is null" type="java.lang.NullPointerException">
      <![CDATA[java.lang.NullPointerException: Cannot invoke "org.openqa.selenium.WebDriver.manage()" because "driver" is null
at com.ual.helpers.ReusableWebUtils.implicitTime(ReusableWebUtils.java:658)
at com.ual.steps.UcrewLogin.lauch_ucrew_application(UcrewLogin.java:56)
at ✽.lauch ucrew application(file:///C:/Users/avina.dubbaka/eclipse-workspace/uCrewApplication_AWS/src/test/resources/features/Ucrew/u.feature:8)
]]>
    </error>
  </testcase> <!-- runScenario -->
  <system-out/>
  <testcase classname="com.ual.runner.UcrewRunnner" name="runScenario" time="0.031">
    <error message="Cannot invoke &quot;org.openqa.selenium.WebDriver.manage()&quot; because &quot;driver&quot; is null" type="java.lang.NullPointerException">
      <![CDATA[java.lang.NullPointerException: Cannot invoke "org.openqa.selenium.WebDriver.manage()" because "driver" is null
at com.ual.helpers.ReusableWebUtils.implicitTime(ReusableWebUtils.java:658)
at com.ual.steps.UcrewLogin.lauch_ucrew_application(UcrewLogin.java:56)
at ✽.lauch ucrew application(file:///C:/Users/avina.dubbaka/eclipse-workspace/uCrewApplication_AWS/src/test/resources/features/Ucrew/u.feature:8)
]]>
    </error>
  </testcase> <!-- runScenario -->
  <system-out/>
  <testcase classname="com.ual.runner.UcrewRunnner" name="runScenario" time="0.047">
    <error message="Cannot invoke &quot;org.openqa.selenium.WebDriver.manage()&quot; because &quot;driver&quot; is null" type="java.lang.NullPointerException">
      <![CDATA[java.lang.NullPointerException: Cannot invoke "org.openqa.selenium.WebDriver.manage()" because "driver" is null
at com.ual.helpers.ReusableWebUtils.implicitTime(ReusableWebUtils.java:658)
at com.ual.steps.UcrewLogin.lauch_ucrew_application(UcrewLogin.java:56)
at ✽.lauch ucrew application(file:///C:/Users/avina.dubbaka/eclipse-workspace/uCrewApplication_AWS/src/test/resources/features/Ucrew/optionsGCO.feature:8)
]]>
    </error>
  </testcase> <!-- runScenario -->
  <system-out/>
  <testcase classname="com.ual.runner.UcrewRunnner" name="runScenario" time="0.038">
    <error message="Cannot invoke &quot;org.openqa.selenium.WebDriver.manage()&quot; because &quot;driver&quot; is null" type="java.lang.NullPointerException">
      <![CDATA[java.lang.NullPointerException: Cannot invoke "org.openqa.selenium.WebDriver.manage()" because "driver" is null
at com.ual.helpers.ReusableWebUtils.implicitTime(ReusableWebUtils.java:658)
at com.ual.steps.UcrewLogin.lauch_ucrew_application(UcrewLogin.java:56)
at ✽.lauch ucrew application(file:///C:/Users/avina.dubbaka/eclipse-workspace/uCrewApplication_AWS/src/test/resources/features/Ucrew/tripTrade.feature:8)
]]>
    </error>
  </testcase> <!-- runScenario -->
  <system-out/>
  <testcase classname="com.ual.runner.UcrewRunnner" name="runScenario" time="0.030">
    <error message="Cannot invoke &quot;org.openqa.selenium.WebDriver.manage()&quot; because &quot;driver&quot; is null" type="java.lang.NullPointerException">
      <![CDATA[java.lang.NullPointerException: Cannot invoke "org.openqa.selenium.WebDriver.manage()" because "driver" is null
at com.ual.helpers.ReusableWebUtils.implicitTime(ReusableWebUtils.java:658)
at com.ual.steps.UcrewLogin.lauch_ucrew_application(UcrewLogin.java:56)
at ✽.lauch ucrew application(file:///C:/Users/avina.dubbaka/eclipse-workspace/uCrewApplication_AWS/src/test/resources/features/Ucrew/u.feature:8)
]]>
    </error>
  </testcase> <!-- runScenario -->
  <system-out/>
  <testcase classname="com.ual.runner.UcrewRunnner" name="runScenario" time="0.032">
    <error message="Cannot invoke &quot;org.openqa.selenium.WebDriver.manage()&quot; because &quot;driver&quot; is null" type="java.lang.NullPointerException">
      <![CDATA[java.lang.NullPointerException: Cannot invoke "org.openqa.selenium.WebDriver.manage()" because "driver" is null
at com.ual.helpers.ReusableWebUtils.implicitTime(ReusableWebUtils.java:658)
at com.ual.steps.UcrewLogin.lauch_ucrew_application(UcrewLogin.java:56)
at ✽.lauch ucrew application(file:///C:/Users/avina.dubbaka/eclipse-workspace/uCrewApplication_AWS/src/test/resources/features/Ucrew/u.feature:8)
]]>
    </error>
  </testcase> <!-- runScenario -->
  <system-out/>
  <testcase classname="com.ual.runner.UcrewRunnner" name="runScenario" time="0.054">
    <error message="Cannot invoke &quot;org.openqa.selenium.WebDriver.manage()&quot; because &quot;driver&quot; is null" type="java.lang.NullPointerException">
      <![CDATA[java.lang.NullPointerException: Cannot invoke "org.openqa.selenium.WebDriver.manage()" because "driver" is null
at com.ual.helpers.ReusableWebUtils.implicitTime(ReusableWebUtils.java:658)
at com.ual.steps.UcrewLogin.lauch_ucrew_application(UcrewLogin.java:56)
at ✽.lauch ucrew application(file:///C:/Users/avina.dubbaka/eclipse-workspace/uCrewApplication_AWS/src/test/resources/features/Ucrew/mainMenu.feature:8)
]]>
    </error>
  </testcase> <!-- runScenario -->
  <system-out/>
  <testcase classname="com.ual.runner.UcrewRunnner" name="runScenario" time="0.031">
    <error message="Cannot invoke &quot;org.openqa.selenium.WebDriver.manage()&quot; because &quot;driver&quot; is null" type="java.lang.NullPointerException">
      <![CDATA[java.lang.NullPointerException: Cannot invoke "org.openqa.selenium.WebDriver.manage()" because "driver" is null
at com.ual.helpers.ReusableWebUtils.implicitTime(ReusableWebUtils.java:658)
at com.ual.steps.UcrewLogin.lauch_ucrew_application(UcrewLogin.java:56)
at ✽.lauch ucrew application(file:///C:/Users/avina.dubbaka/eclipse-workspace/uCrewApplication_AWS/src/test/resources/features/Ucrew/u.feature:8)
]]>
    </error>
  </testcase> <!-- runScenario -->
  <system-out/>
  <testcase classname="com.ual.runner.UcrewRunnner" name="runScenario" time="0.099">
    <error message="Cannot invoke &quot;org.openqa.selenium.WebDriver.manage()&quot; because &quot;driver&quot; is null" type="java.lang.NullPointerException">
      <![CDATA[java.lang.NullPointerException: Cannot invoke "org.openqa.selenium.WebDriver.manage()" because "driver" is null
at com.ual.helpers.ReusableWebUtils.implicitTime(ReusableWebUtils.java:658)
at com.ual.steps.UcrewLogin.lauch_ucrew_application(UcrewLogin.java:56)
at ✽.lauch ucrew application(file:///C:/Users/avina.dubbaka/eclipse-workspace/uCrewApplication_AWS/src/test/resources/features/Ucrew/alertHistory.feature:8)
]]>
    </error>
  </testcase> <!-- runScenario -->
  <system-out/>
  <testcase classname="com.ual.runner.UcrewRunnner" name="runScenario" time="0.034">
    <error message="Cannot invoke &quot;org.openqa.selenium.WebDriver.manage()&quot; because &quot;driver&quot; is null" type="java.lang.NullPointerException">
      <![CDATA[java.lang.NullPointerException: Cannot invoke "org.openqa.selenium.WebDriver.manage()" because "driver" is null
at com.ual.helpers.ReusableWebUtils.implicitTime(ReusableWebUtils.java:658)
at com.ual.steps.UcrewLogin.lauch_ucrew_application(UcrewLogin.java:56)
at ✽.lauch ucrew application(file:///C:/Users/avina.dubbaka/eclipse-workspace/uCrewApplication_AWS/src/test/resources/features/Ucrew/u.feature:8)
]]>
    </error>
  </testcase> <!-- runScenario -->
  <system-out/>
  <testcase classname="com.ual.runner.UcrewRunnner" name="runScenario" time="0.030">
    <error message="Cannot invoke &quot;org.openqa.selenium.WebDriver.manage()&quot; because &quot;driver&quot; is null" type="java.lang.NullPointerException">
      <![CDATA[java.lang.NullPointerException: Cannot invoke "org.openqa.selenium.WebDriver.manage()" because "driver" is null
at com.ual.helpers.ReusableWebUtils.implicitTime(ReusableWebUtils.java:658)
at com.ual.steps.UcrewLogin.lauch_ucrew_application(UcrewLogin.java:56)
at ✽.lauch ucrew application(file:///C:/Users/avina.dubbaka/eclipse-workspace/uCrewApplication_AWS/src/test/resources/features/Ucrew/u.feature:8)
]]>
    </error>
  </testcase> <!-- runScenario -->
  <system-out/>
  <testcase classname="com.ual.runner.UcrewRunnner" name="runScenario" time="0.041">
    <error message="Cannot invoke &quot;org.openqa.selenium.WebDriver.manage()&quot; because &quot;driver&quot; is null" type="java.lang.NullPointerException">
      <![CDATA[java.lang.NullPointerException: Cannot invoke "org.openqa.selenium.WebDriver.manage()" because "driver" is null
at com.ual.helpers.ReusableWebUtils.implicitTime(ReusableWebUtils.java:658)
at com.ual.steps.UcrewLogin.lauch_ucrew_application(UcrewLogin.java:56)
at ✽.lauch ucrew application(file:///C:/Users/avina.dubbaka/eclipse-workspace/uCrewApplication_AWS/src/test/resources/features/Ucrew/u.feature:8)
]]>
    </error>
  </testcase> <!-- runScenario -->
  <system-out/>
  <testcase classname="com.ual.runner.UcrewRunnner" name="runScenario" time="0.036">
    <error message="Cannot invoke &quot;org.openqa.selenium.WebDriver.manage()&quot; because &quot;driver&quot; is null" type="java.lang.NullPointerException">
      <![CDATA[java.lang.NullPointerException: Cannot invoke "org.openqa.selenium.WebDriver.manage()" because "driver" is null
at com.ual.helpers.ReusableWebUtils.implicitTime(ReusableWebUtils.java:658)
at com.ual.steps.UcrewLogin.lauch_ucrew_application(UcrewLogin.java:56)
at ✽.lauch ucrew application(file:///C:/Users/avina.dubbaka/eclipse-workspace/uCrewApplication_AWS/src/test/resources/features/Ucrew/u.feature:8)
]]>
    </error>
  </testcase> <!-- runScenario -->
  <system-out/>
  <testcase classname="com.ual.runner.UcrewRunnner" name="runScenario" time="0.054">
    <error message="Cannot invoke &quot;org.openqa.selenium.WebDriver.manage()&quot; because &quot;driver&quot; is null" type="java.lang.NullPointerException">
      <![CDATA[java.lang.NullPointerException: Cannot invoke "org.openqa.selenium.WebDriver.manage()" because "driver" is null
at com.ual.helpers.ReusableWebUtils.implicitTime(ReusableWebUtils.java:658)
at com.ual.steps.UcrewLogin.lauch_ucrew_application(UcrewLogin.java:56)
at ✽.lauch ucrew application(file:///C:/Users/avina.dubbaka/eclipse-workspace/uCrewApplication_AWS/src/test/resources/features/Ucrew/ifReserves.feature:8)
]]>
    </error>
  </testcase> <!-- runScenario -->
  <system-out/>
  <testcase classname="com.ual.runner.UcrewRunnner" name="runScenario" time="0.036">
    <error message="Cannot invoke &quot;org.openqa.selenium.WebDriver.manage()&quot; because &quot;driver&quot; is null" type="java.lang.NullPointerException">
      <![CDATA[java.lang.NullPointerException: Cannot invoke "org.openqa.selenium.WebDriver.manage()" because "driver" is null
at com.ual.helpers.ReusableWebUtils.implicitTime(ReusableWebUtils.java:658)
at com.ual.steps.UcrewLogin.lauch_ucrew_application(UcrewLogin.java:56)
at ✽.lauch ucrew application(file:///C:/Users/avina.dubbaka/eclipse-workspace/uCrewApplication_AWS/src/test/resources/features/Ucrew/u.feature:8)
]]>
    </error>
  </testcase> <!-- runScenario -->
  <system-out/>
  <testcase classname="com.ual.runner.UcrewRunnner" name="runScenario" time="0.049">
    <error message="Cannot invoke &quot;org.openqa.selenium.WebDriver.manage()&quot; because &quot;driver&quot; is null" type="java.lang.NullPointerException">
      <![CDATA[java.lang.NullPointerException: Cannot invoke "org.openqa.selenium.WebDriver.manage()" because "driver" is null
at com.ual.helpers.ReusableWebUtils.implicitTime(ReusableWebUtils.java:658)
at com.ual.steps.UcrewLogin.lauch_ucrew_application(UcrewLogin.java:56)
at ✽.lauch ucrew application(file:///C:/Users/avina.dubbaka/eclipse-workspace/uCrewApplication_AWS/src/test/resources/features/Ucrew/generalSettings.feature:8)
]]>
    </error>
  </testcase> <!-- runScenario -->
  <system-out/>
  <testcase classname="com.ual.runner.UcrewRunnner" name="runScenario" time="0.043">
    <error message="Cannot invoke &quot;org.openqa.selenium.WebDriver.manage()&quot; because &quot;driver&quot; is null" type="java.lang.NullPointerException">
      <![CDATA[java.lang.NullPointerException: Cannot invoke "org.openqa.selenium.WebDriver.manage()" because "driver" is null
at com.ual.helpers.ReusableWebUtils.implicitTime(ReusableWebUtils.java:658)
at com.ual.steps.UcrewLogin.lauch_ucrew_application(UcrewLogin.java:56)
at ✽.lauch ucrew application(file:///C:/Users/avina.dubbaka/eclipse-workspace/uCrewApplication_AWS/src/test/resources/features/Ucrew/u.feature:8)
]]>
    </error>
  </testcase> <!-- runScenario -->
  <system-out/>
  <testcase classname="com.ual.runner.UcrewRunnner" name="runScenario" time="0.042">
    <error message="Cannot invoke &quot;org.openqa.selenium.WebDriver.manage()&quot; because &quot;driver&quot; is null" type="java.lang.NullPointerException">
      <![CDATA[java.lang.NullPointerException: Cannot invoke "org.openqa.selenium.WebDriver.manage()" because "driver" is null
at com.ual.helpers.ReusableWebUtils.implicitTime(ReusableWebUtils.java:658)
at com.ual.steps.UcrewLogin.lauch_ucrew_application(UcrewLogin.java:56)
at ✽.lauch ucrew application(file:///C:/Users/avina.dubbaka/eclipse-workspace/uCrewApplication_AWS/src/test/resources/features/Ucrew/pltReserveAssignments.feature:8)
]]>
    </error>
  </testcase> <!-- runScenario -->
  <system-out/>
  <testcase classname="com.ual.runner.UcrewRunnner" name="runScenario" time="0.028">
    <error message="Cannot invoke &quot;org.openqa.selenium.WebDriver.manage()&quot; because &quot;driver&quot; is null" type="java.lang.NullPointerException">
      <![CDATA[java.lang.NullPointerException: Cannot invoke "org.openqa.selenium.WebDriver.manage()" because "driver" is null
at com.ual.helpers.ReusableWebUtils.implicitTime(ReusableWebUtils.java:658)
at com.ual.steps.UcrewLogin.lauch_ucrew_application(UcrewLogin.java:56)
at ✽.lauch ucrew application(file:///C:/Users/avina.dubbaka/eclipse-workspace/uCrewApplication_AWS/src/test/resources/features/Ucrew/u.feature:8)
]]>
    </error>
  </testcase> <!-- runScenario -->
  <system-out/>
  <testcase classname="com.ual.runner.UcrewRunnner" name="runScenario" time="0.050">
    <error message="Cannot invoke &quot;org.openqa.selenium.WebDriver.manage()&quot; because &quot;driver&quot; is null" type="java.lang.NullPointerException">
      <![CDATA[java.lang.NullPointerException: Cannot invoke "org.openqa.selenium.WebDriver.manage()" because "driver" is null
at com.ual.helpers.ReusableWebUtils.implicitTime(ReusableWebUtils.java:658)
at com.ual.steps.UcrewLogin.lauch_ucrew_application(UcrewLogin.java:56)
at ✽.lauch ucrew application(file:///C:/Users/avina.dubbaka/eclipse-workspace/uCrewApplication_AWS/src/test/resources/features/Ucrew/ifRequests.feature:8)
]]>
    </error>
  </testcase> <!-- runScenario -->
  <system-out/>
  <testcase classname="com.ual.runner.UcrewRunnner" name="runScenario" time="0.047">
    <error message="Cannot invoke &quot;org.openqa.selenium.WebDriver.manage()&quot; because &quot;driver&quot; is null" type="java.lang.NullPointerException">
      <![CDATA[java.lang.NullPointerException: Cannot invoke "org.openqa.selenium.WebDriver.manage()" because "driver" is null
at com.ual.helpers.ReusableWebUtils.implicitTime(ReusableWebUtils.java:658)
at com.ual.steps.UcrewLogin.lauch_ucrew_application(UcrewLogin.java:56)
at ✽.lauch ucrew application(file:///C:/Users/avina.dubbaka/eclipse-workspace/uCrewApplication_AWS/src/test/resources/features/Ucrew/operational.feature:8)
]]>
    </error>
  </testcase> <!-- runScenario -->
  <system-out/>
  <testcase classname="com.ual.runner.UcrewRunnner" name="runScenario" time="0.036">
    <error message="Cannot invoke &quot;org.openqa.selenium.WebDriver.manage()&quot; because &quot;driver&quot; is null" type="java.lang.NullPointerException">
      <![CDATA[java.lang.NullPointerException: Cannot invoke "org.openqa.selenium.WebDriver.manage()" because "driver" is null
at com.ual.helpers.ReusableWebUtils.implicitTime(ReusableWebUtils.java:658)
at com.ual.steps.UcrewLogin.lauch_ucrew_application(UcrewLogin.java:56)
at ✽.lauch ucrew application(file:///C:/Users/avina.dubbaka/eclipse-workspace/uCrewApplication_AWS/src/test/resources/features/Ucrew/u.feature:8)
]]>
    </error>
  </testcase> <!-- runScenario -->
  <system-out/>
  <testcase classname="com.ual.runner.UcrewRunnner" name="runScenario" time="0.045">
    <error message="Cannot invoke &quot;org.openqa.selenium.WebDriver.manage()&quot; because &quot;driver&quot; is null" type="java.lang.NullPointerException">
      <![CDATA[java.lang.NullPointerException: Cannot invoke "org.openqa.selenium.WebDriver.manage()" because "driver" is null
at com.ual.helpers.ReusableWebUtils.implicitTime(ReusableWebUtils.java:658)
at com.ual.steps.UcrewLogin.lauch_ucrew_application(UcrewLogin.java:56)
at ✽.lauch ucrew application(file:///C:/Users/avina.dubbaka/eclipse-workspace/uCrewApplication_AWS/src/test/resources/features/Ucrew/reserveAssignments.feature:8)
]]>
    </error>
  </testcase> <!-- runScenario -->
  <system-out/>
  <testcase classname="com.ual.runner.UcrewRunnner" name="runScenario" time="0.045">
    <error message="Cannot invoke &quot;org.openqa.selenium.WebDriver.manage()&quot; because &quot;driver&quot; is null" type="java.lang.NullPointerException">
      <![CDATA[java.lang.NullPointerException: Cannot invoke "org.openqa.selenium.WebDriver.manage()" because "driver" is null
at com.ual.helpers.ReusableWebUtils.implicitTime(ReusableWebUtils.java:658)
at com.ual.steps.UcrewLogin.lauch_ucrew_application(UcrewLogin.java:56)
at ✽.lauch ucrew application(file:///C:/Users/avina.dubbaka/eclipse-workspace/uCrewApplication_AWS/src/test/resources/features/Ucrew/monthly.feature:8)
]]>
    </error>
  </testcase> <!-- runScenario -->
  <system-out/>
  <testcase classname="com.ual.runner.UcrewRunnner" name="runScenario" time="0.060">
    <error message="Cannot invoke &quot;org.openqa.selenium.WebDriver.manage()&quot; because &quot;driver&quot; is null" type="java.lang.NullPointerException">
      <![CDATA[java.lang.NullPointerException: Cannot invoke "org.openqa.selenium.WebDriver.manage()" because "driver" is null
at com.ual.helpers.ReusableWebUtils.implicitTime(ReusableWebUtils.java:658)
at com.ual.steps.UcrewLogin.lauch_ucrew_application(UcrewLogin.java:56)
at ✽.lauch ucrew application(file:///C:/Users/avina.dubbaka/eclipse-workspace/uCrewApplication_AWS/src/test/resources/features/Ucrew/bfcoHistory.feature:8)
]]>
    </error>
  </testcase> <!-- runScenario -->
  <system-out/>
  <testcase classname="com.ual.runner.UcrewRunnner" name="runScenario" time="0.038">
    <error message="Cannot invoke &quot;org.openqa.selenium.WebDriver.manage()&quot; because &quot;driver&quot; is null" type="java.lang.NullPointerException">
      <![CDATA[java.lang.NullPointerException: Cannot invoke "org.openqa.selenium.WebDriver.manage()" because "driver" is null
at com.ual.helpers.ReusableWebUtils.implicitTime(ReusableWebUtils.java:658)
at com.ual.steps.UcrewLogin.lauch_ucrew_application(UcrewLogin.java:56)
at ✽.lauch ucrew application(file:///C:/Users/avina.dubbaka/eclipse-workspace/uCrewApplication_AWS/src/test/resources/features/Ucrew/u.feature:8)
]]>
    </error>
  </testcase> <!-- runScenario -->
  <system-out/>
  <testcase classname="com.ual.runner.UcrewRunnner" name="runScenario" time="0.031">
    <error message="Cannot invoke &quot;org.openqa.selenium.WebDriver.manage()&quot; because &quot;driver&quot; is null" type="java.lang.NullPointerException">
      <![CDATA[java.lang.NullPointerException: Cannot invoke "org.openqa.selenium.WebDriver.manage()" because "driver" is null
at com.ual.helpers.ReusableWebUtils.implicitTime(ReusableWebUtils.java:658)
at com.ual.steps.UcrewLogin.lauch_ucrew_application(UcrewLogin.java:56)
at ✽.lauch ucrew application(file:///C:/Users/avina.dubbaka/eclipse-workspace/uCrewApplication_AWS/src/test/resources/features/Ucrew/u.feature:8)
]]>
    </error>
  </testcase> <!-- runScenario -->
  <system-out/>
  <testcase classname="com.ual.runner.UcrewRunnner" name="runScenario" time="0.039">
    <error message="Cannot invoke &quot;org.openqa.selenium.WebDriver.manage()&quot; because &quot;driver&quot; is null" type="java.lang.NullPointerException">
      <![CDATA[java.lang.NullPointerException: Cannot invoke "org.openqa.selenium.WebDriver.manage()" because "driver" is null
at com.ual.helpers.ReusableWebUtils.implicitTime(ReusableWebUtils.java:658)
at com.ual.steps.UcrewLogin.lauch_ucrew_application(UcrewLogin.java:56)
at ✽.lauch ucrew application(file:///C:/Users/avina.dubbaka/eclipse-workspace/uCrewApplication_AWS/src/test/resources/features/Ucrew/u.feature:8)
]]>
    </error>
  </testcase> <!-- runScenario -->
  <system-out/>
  <testcase classname="com.ual.runner.UcrewRunnner" name="runScenario" time="0.042">
    <error message="Cannot invoke &quot;org.openqa.selenium.WebDriver.manage()&quot; because &quot;driver&quot; is null" type="java.lang.NullPointerException">
      <![CDATA[java.lang.NullPointerException: Cannot invoke "org.openqa.selenium.WebDriver.manage()" because "driver" is null
at com.ual.helpers.ReusableWebUtils.implicitTime(ReusableWebUtils.java:658)
at com.ual.steps.UcrewLogin.lauch_ucrew_application(UcrewLogin.java:56)
at ✽.lauch ucrew application(file:///C:/Users/avina.dubbaka/eclipse-workspace/uCrewApplication_AWS/src/test/resources/features/Ucrew/u.feature:8)
]]>
    </error>
  </testcase> <!-- runScenario -->
  <system-out/>
  <testcase classname="com.ual.runner.UcrewRunnner" name="runScenario" time="0.039">
    <error message="Cannot invoke &quot;org.openqa.selenium.WebDriver.manage()&quot; because &quot;driver&quot; is null" type="java.lang.NullPointerException">
      <![CDATA[java.lang.NullPointerException: Cannot invoke "org.openqa.selenium.WebDriver.manage()" because "driver" is null
at com.ual.helpers.ReusableWebUtils.implicitTime(ReusableWebUtils.java:658)
at com.ual.steps.UcrewLogin.lauch_ucrew_application(UcrewLogin.java:56)
at ✽.lauch ucrew application(file:///C:/Users/avina.dubbaka/eclipse-workspace/uCrewApplication_AWS/src/test/resources/features/Ucrew/u.feature:8)
]]>
    </error>
  </testcase> <!-- runScenario -->
  <system-out/>
  <testcase classname="com.ual.runner.UcrewRunnner" name="runScenario" time="0.042">
    <error message="Cannot invoke &quot;org.openqa.selenium.WebDriver.manage()&quot; because &quot;driver&quot; is null" type="java.lang.NullPointerException">
      <![CDATA[java.lang.NullPointerException: Cannot invoke "org.openqa.selenium.WebDriver.manage()" because "driver" is null
at com.ual.helpers.ReusableWebUtils.implicitTime(ReusableWebUtils.java:658)
at com.ual.steps.UcrewLogin.lauch_ucrew_application(UcrewLogin.java:56)
at ✽.lauch ucrew application(file:///C:/Users/avina.dubbaka/eclipse-workspace/uCrewApplication_AWS/src/test/resources/features/Ucrew/u.feature:8)
]]>
    </error>
  </testcase> <!-- runScenario -->
  <system-out/>
  <testcase classname="com.ual.runner.UcrewRunnner" name="runScenario" time="0.046">
    <error message="Cannot invoke &quot;org.openqa.selenium.WebDriver.manage()&quot; because &quot;driver&quot; is null" type="java.lang.NullPointerException">
      <![CDATA[java.lang.NullPointerException: Cannot invoke "org.openqa.selenium.WebDriver.manage()" because "driver" is null
at com.ual.helpers.ReusableWebUtils.implicitTime(ReusableWebUtils.java:658)
at com.ual.steps.UcrewLogin.lauch_ucrew_application(UcrewLogin.java:56)
at ✽.lauch ucrew application(file:///C:/Users/avina.dubbaka/eclipse-workspace/uCrewApplication_AWS/src/test/resources/features/Ucrew/reports.feature:8)
]]>
    </error>
  </testcase> <!-- runScenario -->
  <system-out/>
  <testcase classname="com.ual.runner.UcrewRunnner" name="runScenario" time="0.041">
    <error message="Cannot invoke &quot;org.openqa.selenium.WebDriver.manage()&quot; because &quot;driver&quot; is null" type="java.lang.NullPointerException">
      <![CDATA[java.lang.NullPointerException: Cannot invoke "org.openqa.selenium.WebDriver.manage()" because "driver" is null
at com.ual.helpers.ReusableWebUtils.implicitTime(ReusableWebUtils.java:658)
at com.ual.steps.UcrewLogin.lauch_ucrew_application(UcrewLogin.java:56)
at ✽.lauch ucrew application(file:///C:/Users/avina.dubbaka/eclipse-workspace/uCrewApplication_AWS/src/test/resources/features/Ucrew/premiumPick.feature:8)
]]>
    </error>
  </testcase> <!-- runScenario -->
  <system-out/>
  <testcase classname="com.ual.runner.UcrewRunnner" name="runScenario" time="0.058">
    <error message="Cannot invoke &quot;org.openqa.selenium.WebDriver.manage()&quot; because &quot;driver&quot; is null" type="java.lang.NullPointerException">
      <![CDATA[java.lang.NullPointerException: Cannot invoke "org.openqa.selenium.WebDriver.manage()" because "driver" is null
at com.ual.helpers.ReusableWebUtils.implicitTime(ReusableWebUtils.java:658)
at com.ual.steps.UcrewLogin.lauch_ucrew_application(UcrewLogin.java:56)
at ✽.lauch ucrew application(file:///C:/Users/avina.dubbaka/eclipse-workspace/uCrewApplication_AWS/src/test/resources/features/Ucrew/u.feature:8)
]]>
    </error>
  </testcase> <!-- runScenario -->
  <system-out/>
  <testcase classname="com.ual.runner.UcrewRunnner" name="runScenario" time="0.035">
    <error message="Cannot invoke &quot;org.openqa.selenium.WebDriver.manage()&quot; because &quot;driver&quot; is null" type="java.lang.NullPointerException">
      <![CDATA[java.lang.NullPointerException: Cannot invoke "org.openqa.selenium.WebDriver.manage()" because "driver" is null
at com.ual.helpers.ReusableWebUtils.implicitTime(ReusableWebUtils.java:658)
at com.ual.steps.UcrewLogin.lauch_ucrew_application(UcrewLogin.java:56)
at ✽.lauch ucrew application(file:///C:/Users/avina.dubbaka/eclipse-workspace/uCrewApplication_AWS/src/test/resources/features/Ucrew/u.feature:8)
]]>
    </error>
  </testcase> <!-- runScenario -->
  <system-out/>
  <testcase classname="com.ual.runner.UcrewRunnner" name="runScenario" time="0.058">
    <error message="Cannot invoke &quot;org.openqa.selenium.WebDriver.manage()&quot; because &quot;driver&quot; is null" type="java.lang.NullPointerException">
      <![CDATA[java.lang.NullPointerException: Cannot invoke "org.openqa.selenium.WebDriver.manage()" because "driver" is null
at com.ual.helpers.ReusableWebUtils.implicitTime(ReusableWebUtils.java:658)
at com.ual.steps.UcrewLogin.lauch_ucrew_application(UcrewLogin.java:56)
at ✽.lauch ucrew application(file:///C:/Users/avina.dubbaka/eclipse-workspace/uCrewApplication_AWS/src/test/resources/features/Ucrew/dashboard.feature:8)
]]>
    </error>
  </testcase> <!-- runScenario -->
  <system-out/>
  <testcase classname="com.ual.runner.UcrewRunnner" name="runScenario" time="0.078">
    <error message="Cannot invoke &quot;org.openqa.selenium.WebDriver.manage()&quot; because &quot;driver&quot; is null" type="java.lang.NullPointerException">
      <![CDATA[java.lang.NullPointerException: Cannot invoke "org.openqa.selenium.WebDriver.manage()" because "driver" is null
at com.ual.helpers.ReusableWebUtils.implicitTime(ReusableWebUtils.java:658)
at com.ual.steps.UcrewLogin.lauch_ucrew_application(UcrewLogin.java:56)
at ✽.lauch ucrew application(file:///C:/Users/avina.dubbaka/eclipse-workspace/uCrewApplication_AWS/src/test/resources/features/Ucrew/advisements.feature:8)
]]>
    </error>
  </testcase> <!-- runScenario -->
  <system-out/>
  <testcase classname="com.ual.runner.UcrewRunnner" name="runScenario" time="0.040">
    <error message="Cannot invoke &quot;org.openqa.selenium.WebDriver.manage()&quot; because &quot;driver&quot; is null" type="java.lang.NullPointerException">
      <![CDATA[java.lang.NullPointerException: Cannot invoke "org.openqa.selenium.WebDriver.manage()" because "driver" is null
at com.ual.helpers.ReusableWebUtils.implicitTime(ReusableWebUtils.java:658)
at com.ual.steps.UcrewLogin.lauch_ucrew_application(UcrewLogin.java:56)
at ✽.lauch ucrew application(file:///C:/Users/avina.dubbaka/eclipse-workspace/uCrewApplication_AWS/src/test/resources/features/Ucrew/u.feature:8)
]]>
    </error>
  </testcase> <!-- runScenario -->
  <system-out/>
  <testcase classname="com.ual.runner.UcrewRunnner" name="runScenario" time="0.067">
    <error message="Cannot invoke &quot;org.openqa.selenium.WebDriver.manage()&quot; because &quot;driver&quot; is null" type="java.lang.NullPointerException">
      <![CDATA[java.lang.NullPointerException: Cannot invoke "org.openqa.selenium.WebDriver.manage()" because "driver" is null
at com.ual.helpers.ReusableWebUtils.implicitTime(ReusableWebUtils.java:658)
at com.ual.steps.UcrewLogin.lauch_ucrew_application(UcrewLogin.java:56)
at ✽.lauch ucrew application(file:///C:/Users/avina.dubbaka/eclipse-workspace/uCrewApplication_AWS/src/test/resources/features/Ucrew/alerts.feature:8)
]]>
    </error>
  </testcase> <!-- runScenario -->
  <system-out/>
</testsuite> <!-- com.ual.runner.UcrewRunnner -->
