<?xml version="1.0" encoding="UTF-8"?>
<!-- Generated by org.testng.reporters.JUnitReportReporter -->
<testsuite hostname="A1349L" failures="3" tests="3" name="com.ual.runner.FailedRun" time="441.297" errors="0" timestamp="2021-10-25T16:41:33 IST" skipped="0">
  <testcase classname="com.ual.runner.FailedRun" name="runScenario" time="148.474">
    <failure message="Error in BOLT application" type="junit.framework.AssertionFailedError">
      <![CDATA[junit.framework.AssertionFailedError: Error in BOLT application
at junit.framework.Assert.fail(Assert.java:57)
at junit.framework.Assert.assertTrue(Assert.java:22)
at junit.framework.Assert.assertFalse(Assert.java:39)
at com.ual.autorush.steps.BoltAhlFileCreation.create_bolt_ahl_file(BoltAhlFileCreation.java:161)
at ✽.Create BOLT AHL file(file:///C:/Users/muskan.agarwal/Downloads/Auto%20Rush/src/test/resources/features/AutoRush/Auto%20Rush%20Single%20Leg.feature:13)
]]>
    </failure>
  </testcase> <!-- runScenario -->
  <system-out/>
  <testcase classname="com.ual.runner.FailedRun" name="runScenario" time="146.852">
    <failure message="Error in BOLT application" type="junit.framework.AssertionFailedError">
      <![CDATA[junit.framework.AssertionFailedError: Error in BOLT application
at junit.framework.Assert.fail(Assert.java:57)
at junit.framework.Assert.assertTrue(Assert.java:22)
at junit.framework.Assert.assertFalse(Assert.java:39)
at com.ual.autorush.steps.BoltAhlFileCreation.create_bolt_ahl_file(BoltAhlFileCreation.java:161)
at ✽.Create BOLT AHL file(file:///C:/Users/muskan.agarwal/Downloads/Auto%20Rush/src/test/resources/features/AutoRush/Auto%20Rush%20Single%20Leg.feature:33)
]]>
    </failure>
  </testcase> <!-- runScenario -->
  <system-out/>
  <testcase classname="com.ual.runner.FailedRun" name="runScenario" time="145.971">
    <failure message="Error in BOLT application" type="junit.framework.AssertionFailedError">
      <![CDATA[junit.framework.AssertionFailedError: Error in BOLT application
at junit.framework.Assert.fail(Assert.java:57)
at junit.framework.Assert.assertTrue(Assert.java:22)
at junit.framework.Assert.assertFalse(Assert.java:39)
at com.ual.autorush.steps.BoltAhlFileCreation.create_bolt_ahl_file(BoltAhlFileCreation.java:161)
at ✽.Create BOLT AHL file(file:///C:/Users/muskan.agarwal/Downloads/Auto%20Rush/src/test/resources/features/AutoRush/Auto%20Rush%20Single%20Leg.feature:52)
]]>
    </failure>
  </testcase> <!-- runScenario -->
  <system-out/>
</testsuite> <!-- com.ual.runner.FailedRun -->
