<?xml version="1.0" encoding="UTF-8"?>
<!-- Generated by org.testng.reporters.JUnitReportReporter -->
<testsuite skipped="0" hostname="A3508L" name="com.ual.IEServices.steps.service" tests="1" failures="0" timestamp="2022-02-01T05:35:29 CST" time="12.955" errors="0">
  <testcase name="service" time="12.955" classname="com.ual.IEServices.steps.service"/>
  <system-out/>
</testsuite> <!-- com.ual.IEServices.steps.service -->
