<?xml version="1.0" encoding="UTF-8"?>
<!-- Generated by org.testng.reporters.JUnitReportReporter -->
<testsuite skipped="0" hostname="A3508L" name="com.ual.pr.steps.list" tests="1" failures="0" timestamp="2022-04-08T13:55:30 IST" time="0.012" errors="0">
  <testcase name="test" time="0.012" classname="com.ual.pr.steps.list"/>
  <system-out/>
</testsuite> <!-- com.ual.pr.steps.list -->
