<?xml version="1.0" encoding="UTF-8"?>
<!-- Generated by org.testng.reporters.JUnitReportReporter -->
<testsuite name="runner.TestRunner" tests="1" time="83.674" ignored="0" failures="0" timestamp="07 Oct 2021 10:12:11 GMT" skipped="0" hostname="S0766L" errors="0">
  <testcase name="runScenario" time="83.674" classname="runner.TestRunner"/>
</testsuite> <!-- runner.TestRunner -->
